[ERROR 2018-08-24 09:55:37]Response body != expected_msg, expected_msg is {"error":"继续操作前请注册或者登录9."}, body is {"error":"继续操作前请注册或者登录."}
[ERROR 2018-08-24 09:59:43]Response body != expected_msg, expected_msg is {"error":"继续操作前请注册或者登录9."}, body is {"error":"继续操作前请注册或者登录."}
[ERROR 2018-08-24 10:00:11]Response time > expected_time, expected_time is 400, time is 482.745
[ERROR 2018-08-24 10:00:12]Response body != expected_msg, expected_msg is {"error":"继续操作前请注册或者登录9."}, body is {"error":"继续操作前请注册或者登录."}
[ERROR 2018-08-25 21:49:38]Response time > expected_time, expected_time is 100, time is 671.038
[ERROR 2018-08-25 21:49:41]statusCode error, expected_code is 208, statusCode is 200 
[ERROR 2019-05-07 16:27:15]邮件发送失败，请检查邮件配置
[ERROR 2019-05-07 16:28:20]邮件发送失败，请检查邮件配置
[ERROR 2019-05-07 16:30:44]邮件发送失败，请检查邮件配置
[ERROR 2019-05-07 17:04:57]邮件发送失败，请检查邮件配置
[ERROR 2019-06-03 16:33:25]邮件发送失败，请检查邮件配置
[ERROR 2020-03-02 16:58:21]邮件发送失败，请检查邮件配置
[ERROR 2020-03-02 17:38:51]邮件发送失败，请检查邮件配置
[ERROR 2020-03-02 17:55:05]邮件发送失败，请检查邮件配置
[ERROR 2020-03-02 17:55:25]邮件发送失败，请检查邮件配置
[ERROR 2020-03-02 17:55:47]邮件发送失败，请检查邮件配置
[ERROR 2020-03-04 09:44:22]Response body msg != expected_msg, expected_msg is 继续操作前请注册或者登录., body_msg is error
[ERROR 2020-03-04 09:49:15]Response time > expected_time, expected_time is 100, time is 267.484
[ERROR 2020-03-04 09:49:31]Response body msg != expected_msg, expected_msg is 请求成功1, body_msg is message
[ERROR 2020-03-04 09:50:03]Response time > expected_time, expected_time is 100, time is 258.794
[ERROR 2020-03-04 09:50:33]Response time > expected_time, expected_time is 10, time is 204.094
[ERROR 2020-03-04 11:09:40]get cookies error, please checkout!!!
[ERROR 2020-03-04 11:10:01]get cookies error, please checkout!!!
[ERROR 2020-03-04 11:10:27]get cookies error, please checkout!!!
[ERROR 2020-03-04 11:10:32]get cookies error, please checkout!!!
[ERROR 2020-03-04 11:10:32]get cookies error, please checkout!!!
[ERROR 2020-03-04 11:11:22]get cookies error, please checkout!!!
[ERROR 2020-03-04 11:11:22]get cookies error, please checkout!!!
[ERROR 2020-03-04 11:23:59]get cookies error, please checkout!!!
[ERROR 2020-03-04 11:23:59]get cookies error, please checkout!!!
[ERROR 2020-03-04 11:25:09]get cookies error, please checkout!!!
[ERROR 2020-03-04 11:32:55]get cookies error, please checkout!!!
[ERROR 2020-03-04 11:33:19]get cookies error, please checkout!!!
[ERROR 2020-03-04 11:39:48]get cookies error, please checkout!!!
[ERROR 2020-03-04 11:40:30]get cookies error, please checkout!!!
[ERROR 2020-03-04 11:41:33]get cookies error, please checkout!!!
[ERROR 2020-03-04 11:41:39]get cookies error, please checkout!!!
[ERROR 2020-03-04 11:50:45]Response time > expected_time, expected_time is 250, time is 264.877
[ERROR 2020-03-04 11:51:25]statusCode error, expected_code is 201, statusCode is 200 
[ERROR 2020-03-04 15:02:29]Response body msg != expected_msg, expected_msg is 请求成功, body_msg is message
[ERROR 2020-03-04 15:10:01]Response body msg != expected_msg, expected_msg is 请求成功, body_msg is message
[ERROR 2020-03-04 15:10:35]Response body msg != expected_msg, expected_msg is 请求成功, body_msg is message
[ERROR 2020-03-04 15:10:50]Response body msg != expected_msg, expected_msg is 请求成功, body_msg is message
[ERROR 2020-03-04 15:19:36]statusCode error, expected_code is 200, statusCode is 500 
[ERROR 2020-03-04 16:10:44]Response body msg != expected_msg, expected_msg is 请求成功, body_msg is message
[ERROR 2020-03-04 17:34:31]Response body msg != expected_msg, expected_msg is 请求成功, body_msg is message
[ERROR 2020-03-04 17:35:01]Response body msg != expected_msg, expected_msg is 请求成功, body_msg is message
[ERROR 2020-03-04 17:37:00]Response body msg != expected_msg, expected_msg is 请求成功, body_msg is message
[ERROR 2020-03-04 17:37:48]Response body msg != expected_msg, expected_msg is 请求成功, body_msg is message
[ERROR 2020-03-04 17:38:20]Response time > expected_time, expected_time is 300, time is 796.114
[ERROR 2020-03-05 10:59:15]Response body msg != expected_msg, expected_msg is CA申请信息提交成功, body_msg is message
[ERROR 2020-03-05 10:59:16]Response body msg != expected_msg, expected_msg is CA申请信息提交成功, body_msg is message
[ERROR 2020-03-05 11:01:37]Response body msg != expected_msg, expected_msg is CA申请信息提交成功, body_msg is message
[ERROR 2020-03-05 11:01:38]Response body msg != expected_msg, expected_msg is CA申请信息提交成功, body_msg is message
[ERROR 2020-03-05 11:03:04]Response body msg != expected_msg, expected_msg is CA申请信息提交成功, body_msg is message
[ERROR 2020-03-05 11:04:53]Response body msg != expected_msg, expected_msg is CA申请信息提交成功, body_msg is message
[ERROR 2020-03-05 11:09:01]Response body msg != expected_msg, expected_msg is CA申请信息提交成功, body_msg is message
[ERROR 2020-03-05 11:09:03]Response body msg != expected_msg, expected_msg is CA申请信息提交成功, body_msg is message
[ERROR 2020-03-05 11:09:15]Response body msg != expected_msg, expected_msg is CA申请信息提交成功, body_msg is message
[ERROR 2020-03-05 11:09:19]Response body msg != expected_msg, expected_msg is CA申请信息提交成功, body_msg is message
[ERROR 2020-03-05 11:10:49]Response body msg != expected_msg, expected_msg is CA申请信息提交成功, body_msg is message
[ERROR 2020-03-05 11:10:51]Response body msg != expected_msg, expected_msg is CA申请信息提交成功, body_msg is message
[ERROR 2020-03-05 11:11:52]Response body msg != expected_msg, expected_msg is CA申请信息提交成功, body_msg is message
[ERROR 2020-03-05 11:11:56]Response body msg != expected_msg, expected_msg is 实名信息不一致，请检查后重新认证, body_msg is message
[ERROR 2020-03-05 15:52:06]Response body msg != expected_msg, expected_msg is 发起独立合同成功, body_msg is message
[ERROR 2020-03-05 15:52:06]Response body msg != expected_msg, expected_msg is 发起独立合同成功, body_msg is message
[ERROR 2020-03-05 15:54:27]Response body msg != expected_msg, expected_msg is 发起独立合同成功, body_msg is message
[ERROR 2020-03-05 15:54:28]Response body msg != expected_msg, expected_msg is 发起独立合同成功, body_msg is message
[ERROR 2020-03-06 14:56:19]Response time > expected_time, expected_time is 300, time is 494.773
[ERROR 2020-03-06 14:56:39]Response body msg != expected_msg, expected_msg is 请求成功1, body_msg is message
[ERROR 2020-03-06 14:59:54]Response body msg != expected_msg, expected_msg is 请求成功1, body_msg is message
[ERROR 2020-03-06 15:11:01]Response body msg != expected_msg, expected_msg is 请求成功1, body_msg is message
[ERROR 2020-03-06 15:12:02]Response body msg != expected_msg, expected_msg is HS201912051629086159, body_msg is orderId
[ERROR 2020-03-06 15:13:01]Response body msg != expected_msg, expected_msg is HS201912051629086159, body_msg is orderId
[ERROR 2020-03-06 15:13:33]Response body msg != expected_msg, expected_msg is HS201912051629086159, body_msg is orderId
[ERROR 2020-03-06 15:13:43]Response body msg != expected_msg, expected_msg is HS201912051629086159, body_msg is orderId
[ERROR 2020-03-06 15:14:40]Response body msg != expected_msg, expected_msg is 734, body_msg is id
[ERROR 2020-03-06 15:14:53]Response body msg != expected_msg, expected_msg is 735, body_msg is id
[ERROR 2020-03-06 15:15:20]Response body msg != expected_msg, expected_msg is 735, body_msg is id
[ERROR 2020-03-06 15:15:53]Response body msg != expected_msg, expected_msg is 735, body_msg is id
[ERROR 2020-03-06 15:28:41]Response time > expected_time, expected_time is 300, time is 543.26
[ERROR 2020-03-06 15:29:00]Response body msg != expected_msg, expected_msg is 1请求成功, body_msg is message
[ERROR 2020-03-06 15:29:43]Response time > expected_time, expected_time is 400, time is 592.952
[ERROR 2020-03-06 15:30:20]Response time > expected_time, expected_time is 600, time is 622.285
[ERROR 2020-03-06 15:31:00]Response body msg != expected_msg, expected_msg is CA申请信息提交成功, body_msg is message
[ERROR 2020-03-06 15:31:04]Response body msg != expected_msg, expected_msg is 实名信息不一致，请检查后重新认证, body_msg is message
[ERROR 2020-03-06 15:44:19]Response body msg != expected_msg, expected_msg is CA申请信息提交成功, body_msg is message
[ERROR 2020-03-06 15:44:48]Response body msg != expected_msg, expected_msg is CA申请信息提交成功, body_msg is message
[ERROR 2020-03-06 16:35:05]Response body msg != expected_msg, expected_msg is 请求成功1, body_msg is message
[ERROR 2020-03-06 16:35:45]Response body msg != expected_msg, expected_msg is 请求成功1, body_msg is message
